2019-09-05 13:08:02 INFO  BaltMain:39 - -------------------------------------------------------------

2019-09-05 13:08:02 INFO  BaltMain:40 - Welcome to The B.A.L.T

2019-09-05 13:08:02 INFO  BaltMain:41 - The Bank of Adrien L Tillman
2019-09-05 13:08:02 INFO  BaltMain:42 - -------------------------------------------------------------

2019-09-05 13:08:02 INFO  BaltMain:46 - 
Please choose an option below.

2019-09-05 13:08:02 INFO  BaltMain:47 - 1) Existing User Log In

2019-09-05 13:08:02 INFO  BaltMain:48 - 2) Register New Customer

2019-09-05 13:08:02 INFO  BaltMain:49 - 3) Logout

2019-09-05 13:08:02 INFO  BaltMain:50 - 4)EXIT
2019-09-05 13:08:06 INFO  BaltMain:58 - -------------------------------------------------------------

2019-09-05 13:08:06 INFO  BaltMain:59 - Existing User Log In
2019-09-05 13:08:06 INFO  BaltMain:60 - -------------------------------------------------------------

2019-09-05 13:08:06 INFO  BaltMain:61 - Enter Your Username
2019-09-05 13:08:10 INFO  BaltMain:63 - Enter Your Password
2019-09-05 13:08:14 INFO  ValidUserImpl:35 - Account found
2019-09-05 13:08:14 INFO  ValidUserImpl:36 - 
Now Logging In
2019-09-05 13:08:14 INFO  BaltMain:46 - 
Please choose an option below.

2019-09-05 13:08:14 INFO  BaltMain:47 - 1) Existing User Log In

2019-09-05 13:08:14 INFO  BaltMain:48 - 2) Register New Customer

2019-09-05 13:08:14 INFO  BaltMain:49 - 3) Logout

2019-09-05 13:08:14 INFO  BaltMain:50 - 4)EXIT
2019-09-05 13:25:16 INFO  BaltMain:39 - -------------------------------------------------------------

2019-09-05 13:25:16 INFO  BaltMain:40 - Welcome to The B.A.L.T

2019-09-05 13:25:16 INFO  BaltMain:41 - The Bank of Adrien L Tillman
2019-09-05 13:25:16 INFO  BaltMain:42 - -------------------------------------------------------------

2019-09-05 13:25:16 INFO  BaltMain:46 - 
Please choose an option below.

2019-09-05 13:25:16 INFO  BaltMain:47 - 1) Existing User Log In

2019-09-05 13:25:16 INFO  BaltMain:48 - 2) Register New Customer

2019-09-05 13:25:16 INFO  BaltMain:49 - 3) Logout

2019-09-05 13:25:16 INFO  BaltMain:50 - 4)EXIT
2019-09-05 13:25:39 INFO  BaltMain:77 - -------------------------------------------------------------

2019-09-05 13:25:39 INFO  BaltMain:78 - Welcome to New Customer Set Up
2019-09-05 13:25:39 INFO  BaltMain:79 - -------------------------------------------------------------

2019-09-05 13:25:39 INFO  BaltMain:81 - Enter Customer's First Name
2019-09-05 13:25:44 INFO  BaltMain:83 - Enter Customer's Last Name
2019-09-05 13:25:47 INFO  BaltMain:85 - Enter Customer's Date of Birthday (dd-MM-yyyy)
2019-09-05 13:26:04 INFO  BaltMain:90 - Enter Customer's Email Address
2019-09-05 13:26:33 INFO  BaltMain:93 - Enter Customer's Phone Number format 5555555555
2019-09-05 13:26:40 INFO  BaltMain:99 - Enter Customer's Street Address
2019-09-05 13:26:50 INFO  BaltMain:101 - Enter Customer's City
2019-09-05 13:26:54 INFO  BaltMain:103 - Enter Customer's State
2019-09-05 13:26:57 INFO  BaltMain:106 - Enter Customer's Zip Code
2019-09-05 13:27:01 INFO  BaltMain:112 - Enter Customer's User Name
2019-09-05 13:27:13 INFO  BaltMain:114 - Enter Customer's Password
2019-09-05 13:27:17 INFO  BaltMain:124 - 
Customer added with the below details
2019-09-05 13:27:17 INFO  BaltMain:125 - 
Customer Entered Successfully: 

Name: tommy williams

Date of Birth: Fri Apr 03 00:00:00 CST 1998

Email Address: tommywill@gmail.com

Phone Number: 4567893456

Address: 234 House Drive, Houston, TX, 43678

Username: tommy123

Password: *********

Your new Account Number is: 2468798712456856
2019-09-05 13:59:47 INFO  BaltMain:39 - -------------------------------------------------------------

2019-09-05 13:59:47 INFO  BaltMain:40 - Welcome to The B.A.L.T

2019-09-05 13:59:47 INFO  BaltMain:41 - The Bank of Adrien L Tillman
2019-09-05 13:59:47 INFO  BaltMain:42 - -------------------------------------------------------------

2019-09-05 13:59:47 INFO  BaltMain:46 - 
Please choose an option below.

2019-09-05 13:59:47 INFO  BaltMain:47 - 1) Existing User Log In

2019-09-05 13:59:47 INFO  BaltMain:48 - 2) Register New Customer

2019-09-05 13:59:47 INFO  BaltMain:49 - 3) Logout

2019-09-05 13:59:47 INFO  BaltMain:50 - 4)EXIT
2019-09-05 13:59:53 INFO  BaltMain:154 - Please reenter a number 1-3.
2019-09-05 13:59:53 INFO  BaltMain:46 - 
Please choose an option below.

2019-09-05 13:59:53 INFO  BaltMain:47 - 1) Existing User Log In

2019-09-05 13:59:53 INFO  BaltMain:48 - 2) Register New Customer

2019-09-05 13:59:53 INFO  BaltMain:49 - 3) Logout

2019-09-05 13:59:53 INFO  BaltMain:50 - 4)EXIT
2019-09-05 13:59:58 INFO  BaltMain:58 - -------------------------------------------------------------

2019-09-05 13:59:58 INFO  BaltMain:59 - Existing User Log In
2019-09-05 13:59:58 INFO  BaltMain:60 - -------------------------------------------------------------

2019-09-05 13:59:58 INFO  BaltMain:61 - Enter Your Username
2019-09-05 14:00:02 INFO  BaltMain:63 - Enter Your Password
2019-09-05 14:00:07 INFO  ValidUserImpl:41 - -------------------------------------------------------------

2019-09-05 14:00:07 INFO  ValidUserImpl:42 - User Not Found. Please retry log in.
2019-09-05 14:00:07 INFO  ValidUserImpl:43 - -------------------------------------------------------------

2019-09-05 14:00:07 INFO  BaltMain:46 - 
Please choose an option below.

2019-09-05 14:00:07 INFO  BaltMain:47 - 1) Existing User Log In

2019-09-05 14:00:07 INFO  BaltMain:48 - 2) Register New Customer

2019-09-05 14:00:07 INFO  BaltMain:49 - 3) Logout

2019-09-05 14:00:07 INFO  BaltMain:50 - 4)EXIT
2019-09-05 18:02:10 INFO  BaltMain:39 - -------------------------------------------------------------

2019-09-05 18:02:10 INFO  BaltMain:40 - Welcome to The B.A.L.T

2019-09-05 18:02:10 INFO  BaltMain:41 - The Bank of Adrien L Tillman
2019-09-05 18:02:10 INFO  BaltMain:42 - -------------------------------------------------------------

2019-09-05 18:02:10 INFO  BaltMain:46 - 
Please choose an option below.

2019-09-05 18:02:10 INFO  BaltMain:47 - 1) Existing User Log In

2019-09-05 18:02:10 INFO  BaltMain:48 - 2) Register New Customer

2019-09-05 18:02:10 INFO  BaltMain:49 - 3) Logout

2019-09-05 18:02:10 INFO  BaltMain:50 - 4)EXIT
2019-09-05 18:02:18 INFO  BaltMain:58 - -------------------------------------------------------------

2019-09-05 18:02:18 INFO  BaltMain:59 - Existing User Log In
2019-09-05 18:02:18 INFO  BaltMain:60 - -------------------------------------------------------------

2019-09-05 18:02:18 INFO  BaltMain:61 - Enter Your Username
2019-09-05 18:02:23 INFO  BaltMain:63 - Enter Your Password
2019-09-05 18:02:26 INFO  ValidUserImpl:36 - -------------------------------------------------------------

2019-09-05 18:02:26 INFO  ValidUserImpl:37 - Account found
2019-09-05 18:02:26 INFO  ValidUserImpl:38 - 
Now Logging In
2019-09-05 18:02:26 INFO  ValidUserImpl:39 - -------------------------------------------------------------

2019-09-05 18:02:26 INFO  ValidUserImpl:45 - User Not Found. Please retry log in.
2019-09-05 18:02:26 INFO  ValidUserImpl:46 - -------------------------------------------------------------

2019-09-05 18:02:26 INFO  BaltMain:46 - 
Please choose an option below.

2019-09-05 18:02:26 INFO  BaltMain:47 - 1) Existing User Log In

2019-09-05 18:02:26 INFO  BaltMain:48 - 2) Register New Customer

2019-09-05 18:02:26 INFO  BaltMain:49 - 3) Logout

2019-09-05 18:02:26 INFO  BaltMain:50 - 4)EXIT
2019-09-05 18:03:26 INFO  BaltMain:39 - -------------------------------------------------------------

2019-09-05 18:03:26 INFO  BaltMain:40 - Welcome to The B.A.L.T

2019-09-05 18:03:26 INFO  BaltMain:41 - The Bank of Adrien L Tillman
2019-09-05 18:03:26 INFO  BaltMain:42 - -------------------------------------------------------------

2019-09-05 18:03:26 INFO  BaltMain:46 - 
Please choose an option below.

2019-09-05 18:03:26 INFO  BaltMain:47 - 1) Existing User Log In

2019-09-05 18:03:26 INFO  BaltMain:48 - 2) Register New Customer

2019-09-05 18:03:26 INFO  BaltMain:49 - 3) Logout

2019-09-05 18:03:26 INFO  BaltMain:50 - 4)EXIT
2019-09-05 18:03:29 INFO  BaltMain:58 - -------------------------------------------------------------

2019-09-05 18:03:29 INFO  BaltMain:59 - Existing User Log In
2019-09-05 18:03:29 INFO  BaltMain:60 - -------------------------------------------------------------

2019-09-05 18:03:29 INFO  BaltMain:61 - Enter Your Username
2019-09-05 18:03:32 INFO  BaltMain:63 - Enter Your Password
2019-09-05 18:03:36 INFO  ValidUserImpl:36 - -------------------------------------------------------------

2019-09-05 18:03:36 INFO  ValidUserImpl:37 - Account found
2019-09-05 18:03:36 INFO  ValidUserImpl:38 - 
Now Logging In
2019-09-05 18:03:36 INFO  ValidUserImpl:39 - -------------------------------------------------------------

2019-09-05 18:03:36 INFO  ValidUserImpl:45 - User Not Found. Please retry log in.
2019-09-05 18:03:36 INFO  ValidUserImpl:46 - -------------------------------------------------------------

2019-09-05 18:03:36 INFO  BaltMain:46 - 
Please choose an option below.

2019-09-05 18:03:36 INFO  BaltMain:47 - 1) Existing User Log In

2019-09-05 18:03:36 INFO  BaltMain:48 - 2) Register New Customer

2019-09-05 18:03:36 INFO  BaltMain:49 - 3) Logout

2019-09-05 18:03:36 INFO  BaltMain:50 - 4)EXIT
2019-09-05 18:05:06 INFO  BaltMain:39 - -------------------------------------------------------------

2019-09-05 18:05:06 INFO  BaltMain:40 - Welcome to The B.A.L.T

2019-09-05 18:05:06 INFO  BaltMain:41 - The Bank of Adrien L Tillman
2019-09-05 18:05:06 INFO  BaltMain:42 - -------------------------------------------------------------

2019-09-05 18:05:06 INFO  BaltMain:46 - 
Please choose an option below.

2019-09-05 18:05:06 INFO  BaltMain:47 - 1) Existing User Log In

2019-09-05 18:05:06 INFO  BaltMain:48 - 2) Register New Customer

2019-09-05 18:05:06 INFO  BaltMain:49 - 3) Logout

2019-09-05 18:05:06 INFO  BaltMain:50 - 4)EXIT
2019-09-05 18:05:11 INFO  BaltMain:154 - Please reenter a number 1-3.
2019-09-05 18:05:11 INFO  BaltMain:46 - 
Please choose an option below.

2019-09-05 18:05:11 INFO  BaltMain:47 - 1) Existing User Log In

2019-09-05 18:05:11 INFO  BaltMain:48 - 2) Register New Customer

2019-09-05 18:05:11 INFO  BaltMain:49 - 3) Logout

2019-09-05 18:05:11 INFO  BaltMain:50 - 4)EXIT
2019-09-05 18:05:16 INFO  BaltMain:58 - -------------------------------------------------------------

2019-09-05 18:05:16 INFO  BaltMain:59 - Existing User Log In
2019-09-05 18:05:16 INFO  BaltMain:60 - -------------------------------------------------------------

2019-09-05 18:05:16 INFO  BaltMain:61 - Enter Your Username
2019-09-05 18:05:21 INFO  BaltMain:63 - Enter Your Password
2019-09-05 18:05:24 INFO  ValidUserImpl:36 - -------------------------------------------------------------

2019-09-05 18:05:24 INFO  ValidUserImpl:37 - Account found
2019-09-05 18:05:24 INFO  ValidUserImpl:38 - 
Now Logging In
2019-09-05 18:05:24 INFO  ValidUserImpl:39 - -------------------------------------------------------------

2019-09-05 18:05:24 INFO  ValidUserImpl:45 - User Not Found. Please retry log in.
2019-09-05 18:05:24 INFO  ValidUserImpl:46 - -------------------------------------------------------------

2019-09-05 18:05:24 INFO  BaltMain:46 - 
Please choose an option below.

2019-09-05 18:05:24 INFO  BaltMain:47 - 1) Existing User Log In

2019-09-05 18:05:24 INFO  BaltMain:48 - 2) Register New Customer

2019-09-05 18:05:24 INFO  BaltMain:49 - 3) Logout

2019-09-05 18:05:24 INFO  BaltMain:50 - 4)EXIT
2019-09-05 18:06:08 INFO  BaltMain:39 - -------------------------------------------------------------

2019-09-05 18:06:08 INFO  BaltMain:40 - Welcome to The B.A.L.T

2019-09-05 18:06:08 INFO  BaltMain:41 - The Bank of Adrien L Tillman
2019-09-05 18:06:08 INFO  BaltMain:42 - -------------------------------------------------------------

2019-09-05 18:06:08 INFO  BaltMain:46 - 
Please choose an option below.

2019-09-05 18:06:08 INFO  BaltMain:47 - 1) Existing User Log In

2019-09-05 18:06:08 INFO  BaltMain:48 - 2) Register New Customer

2019-09-05 18:06:08 INFO  BaltMain:49 - 3) Logout

2019-09-05 18:06:08 INFO  BaltMain:50 - 4)EXIT
2019-09-05 18:06:13 INFO  BaltMain:58 - -------------------------------------------------------------

2019-09-05 18:06:13 INFO  BaltMain:59 - Existing User Log In
2019-09-05 18:06:13 INFO  BaltMain:60 - -------------------------------------------------------------

2019-09-05 18:06:13 INFO  BaltMain:61 - Enter Your Username
2019-09-05 18:06:15 INFO  BaltMain:63 - Enter Your Password
2019-09-05 18:06:19 INFO  ValidUserImpl:36 - -------------------------------------------------------------

2019-09-05 18:06:19 INFO  ValidUserImpl:37 - Account found
2019-09-05 18:06:19 INFO  ValidUserImpl:38 - 
Now Logging In
2019-09-05 18:06:19 INFO  ValidUserImpl:39 - -------------------------------------------------------------

2019-09-05 18:06:19 INFO  ValidUserImpl:45 - User Not Found. Please retry log in.
2019-09-05 18:06:19 INFO  ValidUserImpl:46 - -------------------------------------------------------------

2019-09-05 18:06:19 INFO  BaltMain:46 - 
Please choose an option below.

2019-09-05 18:06:19 INFO  BaltMain:47 - 1) Existing User Log In

2019-09-05 18:06:19 INFO  BaltMain:48 - 2) Register New Customer

2019-09-05 18:06:19 INFO  BaltMain:49 - 3) Logout

2019-09-05 18:06:19 INFO  BaltMain:50 - 4)EXIT
2019-09-05 18:07:26 INFO  BaltMain:39 - -------------------------------------------------------------

2019-09-05 18:07:26 INFO  BaltMain:40 - Welcome to The B.A.L.T

2019-09-05 18:07:26 INFO  BaltMain:41 - The Bank of Adrien L Tillman
2019-09-05 18:07:26 INFO  BaltMain:42 - -------------------------------------------------------------

2019-09-05 18:07:26 INFO  BaltMain:46 - 
Please choose an option below.

2019-09-05 18:07:26 INFO  BaltMain:47 - 1) Existing User Log In

2019-09-05 18:07:26 INFO  BaltMain:48 - 2) Register New Customer

2019-09-05 18:07:26 INFO  BaltMain:49 - 3) Logout

2019-09-05 18:07:26 INFO  BaltMain:50 - 4)EXIT
2019-09-05 18:07:30 INFO  BaltMain:58 - -------------------------------------------------------------

2019-09-05 18:07:30 INFO  BaltMain:59 - Existing User Log In
2019-09-05 18:07:30 INFO  BaltMain:60 - -------------------------------------------------------------

2019-09-05 18:07:30 INFO  BaltMain:61 - Enter Your Username
2019-09-05 18:07:32 INFO  BaltMain:63 - Enter Your Password
2019-09-05 18:07:36 INFO  ValidUserImpl:36 - -------------------------------------------------------------

2019-09-05 18:07:36 INFO  ValidUserImpl:37 - Account found
2019-09-05 18:07:36 INFO  ValidUserImpl:38 - 
Now Logging In
2019-09-05 18:07:36 INFO  ValidUserImpl:39 - -------------------------------------------------------------

2019-09-05 18:07:36 INFO  ValidUserImpl:45 - User Not Found. Please retry log in.
2019-09-05 18:07:36 INFO  ValidUserImpl:46 - -------------------------------------------------------------

2019-09-05 18:07:36 INFO  BaltMain:46 - 
Please choose an option below.

2019-09-05 18:07:36 INFO  BaltMain:47 - 1) Existing User Log In

2019-09-05 18:07:36 INFO  BaltMain:48 - 2) Register New Customer

2019-09-05 18:07:36 INFO  BaltMain:49 - 3) Logout

2019-09-05 18:07:36 INFO  BaltMain:50 - 4)EXIT
2019-09-05 18:08:31 INFO  BaltMain:39 - -------------------------------------------------------------

2019-09-05 18:08:31 INFO  BaltMain:40 - Welcome to The B.A.L.T

2019-09-05 18:08:31 INFO  BaltMain:41 - The Bank of Adrien L Tillman
2019-09-05 18:08:31 INFO  BaltMain:42 - -------------------------------------------------------------

2019-09-05 18:08:31 INFO  BaltMain:46 - 
Please choose an option below.

2019-09-05 18:08:31 INFO  BaltMain:47 - 1) Existing User Log In

2019-09-05 18:08:31 INFO  BaltMain:48 - 2) Register New Customer

2019-09-05 18:08:31 INFO  BaltMain:49 - 3) Logout

2019-09-05 18:08:31 INFO  BaltMain:50 - 4)EXIT
2019-09-05 18:08:33 INFO  BaltMain:58 - -------------------------------------------------------------

2019-09-05 18:08:33 INFO  BaltMain:59 - Existing User Log In
2019-09-05 18:08:33 INFO  BaltMain:60 - -------------------------------------------------------------

2019-09-05 18:08:33 INFO  BaltMain:61 - Enter Your Username
2019-09-05 18:08:37 INFO  BaltMain:63 - Enter Your Password
2019-09-05 18:08:40 INFO  ValidUserImpl:36 - -------------------------------------------------------------

2019-09-05 18:08:40 INFO  ValidUserImpl:37 - Account found
2019-09-05 18:08:40 INFO  ValidUserImpl:38 - 
Now Logging In
2019-09-05 18:08:40 INFO  ValidUserImpl:39 - -------------------------------------------------------------

2019-09-05 18:08:40 INFO  ValidUserImpl:45 - User Not Found. Please retry log in.
2019-09-05 18:08:40 INFO  ValidUserImpl:46 - -------------------------------------------------------------

2019-09-05 18:08:40 INFO  BaltMain:46 - 
Please choose an option below.

2019-09-05 18:08:40 INFO  BaltMain:47 - 1) Existing User Log In

2019-09-05 18:08:40 INFO  BaltMain:48 - 2) Register New Customer

2019-09-05 18:08:40 INFO  BaltMain:49 - 3) Logout

2019-09-05 18:08:40 INFO  BaltMain:50 - 4)EXIT
2019-09-05 18:08:56 INFO  BaltMain:39 - -------------------------------------------------------------

2019-09-05 18:08:56 INFO  BaltMain:40 - Welcome to The B.A.L.T

2019-09-05 18:08:56 INFO  BaltMain:41 - The Bank of Adrien L Tillman
2019-09-05 18:08:56 INFO  BaltMain:42 - -------------------------------------------------------------

2019-09-05 18:08:56 INFO  BaltMain:46 - 
Please choose an option below.

2019-09-05 18:08:56 INFO  BaltMain:47 - 1) Existing User Log In

2019-09-05 18:08:56 INFO  BaltMain:48 - 2) Register New Customer

2019-09-05 18:08:56 INFO  BaltMain:49 - 3) Logout

2019-09-05 18:08:56 INFO  BaltMain:50 - 4)EXIT
2019-09-05 18:08:58 INFO  BaltMain:58 - -------------------------------------------------------------

2019-09-05 18:08:58 INFO  BaltMain:59 - Existing User Log In
2019-09-05 18:08:58 INFO  BaltMain:60 - -------------------------------------------------------------

2019-09-05 18:08:58 INFO  BaltMain:61 - Enter Your Username
2019-09-05 18:09:02 INFO  BaltMain:63 - Enter Your Password
2019-09-05 18:09:06 INFO  ValidUserImpl:36 - -------------------------------------------------------------

2019-09-05 18:09:06 INFO  ValidUserImpl:37 - Account found
2019-09-05 18:09:06 INFO  ValidUserImpl:38 - 
Now Logging In
2019-09-05 18:09:06 INFO  ValidUserImpl:39 - -------------------------------------------------------------

2019-09-05 18:09:06 INFO  ValidUserImpl:45 - User Not Found. Please retry log in.
2019-09-05 18:09:06 INFO  ValidUserImpl:46 - -------------------------------------------------------------

2019-09-05 18:09:06 INFO  BaltMain:46 - 
Please choose an option below.

2019-09-05 18:09:06 INFO  BaltMain:47 - 1) Existing User Log In

2019-09-05 18:09:06 INFO  BaltMain:48 - 2) Register New Customer

2019-09-05 18:09:06 INFO  BaltMain:49 - 3) Logout

2019-09-05 18:09:06 INFO  BaltMain:50 - 4)EXIT
2019-09-05 18:14:03 INFO  BaltMain:39 - -------------------------------------------------------------

2019-09-05 18:14:03 INFO  BaltMain:40 - Welcome to The B.A.L.T

2019-09-05 18:14:03 INFO  BaltMain:41 - The Bank of Adrien L Tillman
2019-09-05 18:14:03 INFO  BaltMain:42 - -------------------------------------------------------------

2019-09-05 18:14:03 INFO  BaltMain:46 - 
Please choose an option below.

2019-09-05 18:14:03 INFO  BaltMain:47 - 1) Existing User Log In

2019-09-05 18:14:03 INFO  BaltMain:48 - 2) Register New Customer

2019-09-05 18:14:03 INFO  BaltMain:49 - 3) Logout

2019-09-05 18:14:03 INFO  BaltMain:50 - 4)EXIT
2019-09-05 18:14:06 INFO  BaltMain:58 - -------------------------------------------------------------

2019-09-05 18:14:06 INFO  BaltMain:59 - Existing User Log In
2019-09-05 18:14:06 INFO  BaltMain:60 - -------------------------------------------------------------

2019-09-05 18:14:06 INFO  BaltMain:61 - Enter Your Username
2019-09-05 18:14:09 INFO  BaltMain:63 - Enter Your Password
2019-09-05 18:14:28 INFO  ValidUserImpl:36 - -------------------------------------------------------------

2019-09-05 18:14:28 INFO  ValidUserImpl:37 - Account found
2019-09-05 18:14:28 INFO  ValidUserImpl:38 - 
Now Logging In
2019-09-05 18:14:28 INFO  ValidUserImpl:39 - -------------------------------------------------------------

2019-09-05 18:14:28 INFO  ValidUserImpl:45 - User Not Found. Please retry log in.
2019-09-05 18:14:28 INFO  ValidUserImpl:46 - -------------------------------------------------------------

2019-09-05 18:14:28 INFO  BaltMain:46 - 
Please choose an option below.

2019-09-05 18:14:28 INFO  BaltMain:47 - 1) Existing User Log In

2019-09-05 18:14:28 INFO  BaltMain:48 - 2) Register New Customer

2019-09-05 18:14:28 INFO  BaltMain:49 - 3) Logout

2019-09-05 18:14:28 INFO  BaltMain:50 - 4)EXIT
2019-09-05 18:15:09 INFO  BaltMain:39 - -------------------------------------------------------------

2019-09-05 18:15:09 INFO  BaltMain:40 - Welcome to The B.A.L.T

2019-09-05 18:15:09 INFO  BaltMain:41 - The Bank of Adrien L Tillman
2019-09-05 18:15:09 INFO  BaltMain:42 - -------------------------------------------------------------

2019-09-05 18:15:09 INFO  BaltMain:46 - 
Please choose an option below.

2019-09-05 18:15:09 INFO  BaltMain:47 - 1) Existing User Log In

2019-09-05 18:15:09 INFO  BaltMain:48 - 2) Register New Customer

2019-09-05 18:15:09 INFO  BaltMain:49 - 3) Logout

2019-09-05 18:15:09 INFO  BaltMain:50 - 4)EXIT
2019-09-05 18:15:15 INFO  BaltMain:58 - -------------------------------------------------------------

2019-09-05 18:15:15 INFO  BaltMain:59 - Existing User Log In
2019-09-05 18:15:15 INFO  BaltMain:60 - -------------------------------------------------------------

2019-09-05 18:15:15 INFO  BaltMain:61 - Enter Your Username
2019-09-05 18:15:18 INFO  BaltMain:63 - Enter Your Password
2019-09-05 18:15:22 INFO  ValidUserImpl:36 - -------------------------------------------------------------

2019-09-05 18:15:22 INFO  ValidUserImpl:37 - Account found
2019-09-05 18:15:22 INFO  ValidUserImpl:38 - 
Now Logging In
2019-09-05 18:15:22 INFO  ValidUserImpl:39 - -------------------------------------------------------------

2019-09-05 18:15:22 INFO  BaltMain:46 - 
Please choose an option below.

2019-09-05 18:15:22 INFO  BaltMain:47 - 1) Existing User Log In

2019-09-05 18:15:22 INFO  BaltMain:48 - 2) Register New Customer

2019-09-05 18:15:22 INFO  BaltMain:49 - 3) Logout

2019-09-05 18:15:22 INFO  BaltMain:50 - 4)EXIT
2019-09-05 18:15:41 INFO  BaltMain:39 - -------------------------------------------------------------

2019-09-05 18:15:41 INFO  BaltMain:40 - Welcome to The B.A.L.T

2019-09-05 18:15:41 INFO  BaltMain:41 - The Bank of Adrien L Tillman
2019-09-05 18:15:41 INFO  BaltMain:42 - -------------------------------------------------------------

2019-09-05 18:15:41 INFO  BaltMain:46 - 
Please choose an option below.

2019-09-05 18:15:41 INFO  BaltMain:47 - 1) Existing User Log In

2019-09-05 18:15:41 INFO  BaltMain:48 - 2) Register New Customer

2019-09-05 18:15:41 INFO  BaltMain:49 - 3) Logout

2019-09-05 18:15:41 INFO  BaltMain:50 - 4)EXIT
2019-09-05 18:15:44 INFO  BaltMain:58 - -------------------------------------------------------------

2019-09-05 18:15:44 INFO  BaltMain:59 - Existing User Log In
2019-09-05 18:15:44 INFO  BaltMain:60 - -------------------------------------------------------------

2019-09-05 18:15:44 INFO  BaltMain:61 - Enter Your Username
2019-09-05 18:15:47 INFO  BaltMain:63 - Enter Your Password
2019-09-05 18:15:48 INFO  ValidUserImpl:44 - -------------------------------------------------------------

2019-09-05 18:15:48 INFO  ValidUserImpl:45 - User Not Found. Please retry log in.
2019-09-05 18:15:48 INFO  ValidUserImpl:46 - -------------------------------------------------------------

2019-09-05 18:15:48 INFO  BaltMain:46 - 
Please choose an option below.

2019-09-05 18:15:48 INFO  BaltMain:47 - 1) Existing User Log In

2019-09-05 18:15:48 INFO  BaltMain:48 - 2) Register New Customer

2019-09-05 18:15:48 INFO  BaltMain:49 - 3) Logout

2019-09-05 18:15:48 INFO  BaltMain:50 - 4)EXIT
2019-09-05 18:16:02 INFO  BaltMain:77 - -------------------------------------------------------------

2019-09-05 18:16:02 INFO  BaltMain:78 - Welcome to New Customer Set Up
2019-09-05 18:16:02 INFO  BaltMain:79 - -------------------------------------------------------------

2019-09-05 18:16:02 INFO  BaltMain:81 - Enter Customer's First Name
2019-09-05 18:16:14 INFO  BaltMain:83 - Enter Customer's Last Name
2019-09-05 18:16:16 INFO  BaltMain:85 - Enter Customer's Date of Birthday (dd-MM-yyyy)
2019-09-05 18:19:20 INFO  BaltMain:90 - Enter Customer's Email Address
2019-09-05 18:19:31 INFO  BaltMain:93 - Enter Customer's Phone Number format 5555555555
2019-09-05 18:19:36 INFO  BaltMain:99 - Enter Customer's Street Address
2019-09-05 18:19:44 INFO  BaltMain:101 - Enter Customer's City
2019-09-05 18:19:48 INFO  BaltMain:103 - Enter Customer's State
2019-09-05 18:19:51 INFO  BaltMain:106 - Enter Customer's Zip Code
2019-09-05 18:19:55 INFO  BaltMain:112 - Enter Customer's User Name
2019-09-05 18:20:04 INFO  BaltMain:114 - Enter Customer's Password
2019-09-05 18:20:09 INFO  BaltMain:124 - 
Customer added with the below details
2019-09-05 18:20:09 INFO  BaltMain:125 - 
Customer Entered Successfully: 

Name: Faith Evans

Date of Birth: Fri Sep 08 00:00:00 CST 19

Email Address: faith123@email.com

Phone Number: 3454327897

Address: 234 Bring Way, Brington, WQ, 45678

Username: faith786

Password: *********

Your new Account Number is: 2468798712456857
